<?xml version="1.0" encoding="UTF-8"?>
<!-- Generated by org.testng.reporters.JUnitReportReporter -->
<testsuite hostname="vivobook-asuslaptop-x512flc-x512fl" failures="0" tests="1" name="com.test.Significant_Section.apollo2" time="2.076" errors="0" timestamp="2024-01-09T17:21:19 IST" skipped="0">
  <testcase classname="com.test.Significant_Section.apollo2" name="testDB" time="2.076"/>
  <system-out/>
</testsuite> <!-- com.test.Significant_Section.apollo2 -->
