<?xml version="1.0" encoding="UTF-8"?>
<!-- Generated by org.testng.reporters.JUnitReportReporter -->
<testsuite hostname="vivobook-asuslaptop-x512flc-x512fl" failures="0" tests="1" name="com.test.Significant_Section.Export_Status" time="1.406" errors="0" timestamp="2024-01-09T17:01:48 IST" skipped="0">
  <testcase classname="com.test.Significant_Section.Export_Status" name="testDB" time="1.406"/>
  <system-out/>
</testsuite> <!-- com.test.Significant_Section.Export_Status -->
